TN:
SF:/home/srbrkv04/urfu_tasks/donations/packages/hardhat/contracts/Donation.sol
FN:9,constructor
FN:24,donate
FN:37,withdraw
FN:41,getDonors
FN:45,getPaymentsSum
FN:49,getOwner
FN:53,Valid
FN:58,OnlyOwner
FNF:8
FNH:0
FNDA:0,constructor
FNDA:0,donate
FNDA:0,withdraw
FNDA:0,getDonors
FNDA:0,getPaymentsSum
FNDA:0,getOwner
FNDA:0,Valid
FNDA:0,OnlyOwner
DA:10,0
DA:25,0
DA:26,0
DA:28,0
DA:29,0
DA:30,0
DA:31,0
DA:34,0
DA:38,0
DA:42,0
DA:46,0
DA:50,0
DA:54,0
DA:55,0
DA:59,0
DA:60,0
LF:16
LH:0
BRDA:30,1,0,0
BRDA:30,1,1,0
BRDA:37,2,0,0
BRDA:37,2,1,0
BRDA:37,3,0,0
BRDA:37,3,1,0
BRDA:54,4,0,0
BRDA:54,4,1,0
BRDA:59,5,0,0
BRDA:59,5,1,0
BRF:10
BRH:0
end_of_record
