{"contracts/Donation.sol":{"l":{"10":0,"25":0,"26":0,"28":0,"29":0,"30":0,"31":0,"34":0,"38":0,"42":0,"46":0,"50":0,"54":0,"55":0,"59":0,"60":0},"path":"/home/srbrkv04/urfu_tasks/donations/packages/hardhat/contracts/Donation.sol","s":{"1":0,"2":0,"3":0,"4":0,"5":0,"6":0,"7":0,"8":0,"9":0,"10":0,"11":0},"b":{"1":[0,0],"2":[0,0],"3":[0,0],"4":[0,0],"5":[0,0]},"f":{"1":0,"2":0,"3":0,"4":0,"5":0,"6":0,"7":0,"8":0},"fnMap":{"1":{"name":"constructor","line":9,"loc":{"start":{"line":9,"column":4},"end":{"line":11,"column":4}}},"2":{"name":"donate","line":24,"loc":{"start":{"line":24,"column":4},"end":{"line":35,"column":4}}},"3":{"name":"withdraw","line":37,"loc":{"start":{"line":37,"column":4},"end":{"line":39,"column":4}}},"4":{"name":"getDonors","line":41,"loc":{"start":{"line":41,"column":4},"end":{"line":43,"column":4}}},"5":{"name":"getPaymentsSum","line":45,"loc":{"start":{"line":45,"column":4},"end":{"line":47,"column":4}}},"6":{"name":"getOwner","line":49,"loc":{"start":{"line":49,"column":4},"end":{"line":51,"column":4}}},"7":{"name":"Valid","line":53,"loc":{"start":{"line":53,"column":4},"end":{"line":56,"column":4}}},"8":{"name":"OnlyOwner","line":58,"loc":{"start":{"line":58,"column":4},"end":{"line":61,"column":4}}}},"statementMap":{"1":{"start":{"line":25,"column":8},"end":{"line":25,"column":62}},"2":{"start":{"line":28,"column":8},"end":{"line":28,"column":50}},"3":{"start":{"line":30,"column":8},"end":{"line":30,"column":697}},"4":{"start":{"line":31,"column":12},"end":{"line":31,"column":43}},"5":{"start":{"line":34,"column":8},"end":{"line":34,"column":42}},"6":{"start":{"line":38,"column":8},"end":{"line":38,"column":33}},"7":{"start":{"line":42,"column":8},"end":{"line":42,"column":30}},"8":{"start":{"line":46,"column":8},"end":{"line":46,"column":40}},"9":{"start":{"line":50,"column":8},"end":{"line":50,"column":20}},"10":{"start":{"line":54,"column":8},"end":{"line":54,"column":85}},"11":{"start":{"line":59,"column":8},"end":{"line":59,"column":60}}},"branchMap":{"1":{"line":30,"type":"if","locations":[{"start":{"line":30,"column":8},"end":{"line":30,"column":8}},{"start":{"line":30,"column":8},"end":{"line":30,"column":8}}]},"2":{"line":37,"type":"if","locations":[{"start":{"line":37,"column":74},"end":{"line":37,"column":74}},{"start":{"line":37,"column":74},"end":{"line":37,"column":74}}]},"3":{"line":37,"type":"if","locations":[{"start":{"line":37,"column":84},"end":{"line":37,"column":84}},{"start":{"line":37,"column":84},"end":{"line":37,"column":84}}]},"4":{"line":54,"type":"if","locations":[{"start":{"line":54,"column":8},"end":{"line":54,"column":8}},{"start":{"line":54,"column":8},"end":{"line":54,"column":8}}]},"5":{"line":59,"type":"if","locations":[{"start":{"line":59,"column":8},"end":{"line":59,"column":8}},{"start":{"line":59,"column":8},"end":{"line":59,"column":8}}]}}}}